<?xml version="1.0" encoding="UTF-8"?>
<!-- Generated by org.testng.reporters.JUnitXMLReporter -->
<testsuite ignored="0" hostname="DESKTOP-BHR3PSD" failures="0" tests="3" name="Default test" time="0.089" errors="0" timestamp="2023-03-28T19:08:42 IST">
  <testcase classname="TestNG.VerifyLoginPage" name="@BeforeTest openBrowser" time="-1.680010722768E9">
    <failure type="org.testng.TestNGException" message="
Parameter &amp;apos;browser&amp;apos; is required by BeforeTest on method openBrowser but has not been marked @Optional or defined
in C:\Users\amol\AppData\Local\Temp\testng-eclipse--271767677\testng-customsuite.xml">
      <![CDATA[org.testng.TestNGException: 
Parameter 'browser' is required by BeforeTest on method openBrowser but has not been marked @Optional or defined
in C:\Users\amol\AppData\Local\Temp\testng-eclipse--271767677\testng-customsuite.xml
at org.testng.internal.Parameters.createParams(Parameters.java:270)
at org.testng.internal.Parameters.createParametersForMethod(Parameters.java:358)
at org.testng.internal.Parameters.createParameters(Parameters.java:700)
at org.testng.internal.Parameters.createConfigurationParameters(Parameters.java:168)
at org.testng.internal.ConfigInvoker.invokeConfigurations(ConfigInvoker.java:302)
at org.testng.TestRunner.invokeTestConfigurations(TestRunner.java:637)
at org.testng.TestRunner.beforeRun(TestRunner.java:627)
at org.testng.TestRunner.run(TestRunner.java:589)
at org.testng.SuiteRunner.runTest(SuiteRunner.java:377)
at org.testng.SuiteRunner.runSequentially(SuiteRunner.java:371)
at org.testng.SuiteRunner.privateRun(SuiteRunner.java:332)
at org.testng.SuiteRunner.run(SuiteRunner.java:276)
at org.testng.SuiteRunnerWorker.runSuite(SuiteRunnerWorker.java:53)
at org.testng.SuiteRunnerWorker.run(SuiteRunnerWorker.java:96)
at org.testng.TestNG.runSuitesSequentially(TestNG.java:1212)
at org.testng.TestNG.runSuitesLocally(TestNG.java:1134)
at org.testng.TestNG.runSuites(TestNG.java:1063)
at org.testng.TestNG.run(TestNG.java:1031)
at org.testng.remote.AbstractRemoteTestNG.run(AbstractRemoteTestNG.java:115)
at org.testng.remote.RemoteTestNG.initAndRun(RemoteTestNG.java:251)
at org.testng.remote.RemoteTestNG.main(RemoteTestNG.java:77)
]]>
    </failure>
  </testcase> <!-- @BeforeTest openBrowser -->
  <testcase classname="TestNG.VerifyLoginPage" name="@BeforeClass openBrowser" time="-1.680010722799E9">
    <skipped/>
  </testcase> <!-- @BeforeClass openBrowser -->
  <testcase classname="TestNG.VerifyLoginPage" name="@BeforeMethod goToLoginPage" time="-1.68001072282E9">
    <skipped/>
  </testcase> <!-- @BeforeMethod goToLoginPage -->
  <testcase classname="TestNG.VerifyLoginPage" name="@AfterMethod afterMethod" time="-1.68001072283E9">
    <skipped/>
  </testcase> <!-- @AfterMethod afterMethod -->
  <testcase classname="TestNG.VerifyLoginPage" name="@BeforeMethod goToLoginPage" time="-1.680010722836E9">
    <skipped/>
  </testcase> <!-- @BeforeMethod goToLoginPage -->
  <testcase classname="TestNG.VerifyLoginPage" name="@AfterMethod afterMethod" time="-1.680010722842E9">
    <skipped/>
  </testcase> <!-- @AfterMethod afterMethod -->
  <testcase classname="TestNG.VerifyLoginPage" name="@BeforeMethod goToLoginPage" time="-1.680010722843E9">
    <skipped/>
  </testcase> <!-- @BeforeMethod goToLoginPage -->
  <testcase classname="TestNG.VerifyLoginPage" name="@AfterMethod afterMethod" time="-1.680010722847E9">
    <skipped/>
  </testcase> <!-- @AfterMethod afterMethod -->
  <testcase classname="TestNG.VerifyLoginPage" name="@AfterClass afterClass" time="-1.680010722849E9">
    <skipped/>
  </testcase> <!-- @AfterClass afterClass -->
  <testcase classname="TestNG.VerifyLoginPage" name="verifyApplyOnline" time="0.0">
    <skipped/>
  </testcase> <!-- verifyApplyOnline -->
  <testcase classname="TestNG.VerifyLoginPage" name="verifyLoginToNetBankingPage" time="0.0">
    <skipped/>
  </testcase> <!-- verifyLoginToNetBankingPage -->
  <testcase classname="TestNG.VerifyLoginPage" name="verifyAgriPage" time="0.0">
    <skipped/>
  </testcase> <!-- verifyAgriPage -->
</testsuite> <!-- Default test -->
